#
# There is insufficient memory for the Java Runtime Environment to continue.
# Native memory allocation (mmap) failed to map 264241152 bytes for G1 virtual space
# Possible reasons:
#   The system is out of physical RAM or swap space
#   The process is running with CompressedOops enabled, and the Java Heap may be blocking the growth of the native heap
# Possible solutions:
#   Reduce memory load on the system
#   Increase physical memory or swap space
#   Check if swap backing store is full
#   Decrease Java heap size (-Xmx/-Xms)
#   Decrease number of Java threads
#   Decrease Java thread stack sizes (-Xss)
#   Set larger code cache with -XX:ReservedCodeCacheSize=
#   JVM is running with Zero Based Compressed Oops mode in which the Java heap is
#     placed in the first 32GB address space. The Java Heap base address is the
#     maximum limit for the native heap growth. Please use -XX:HeapBaseMinAddress
#     to set the Java Heap base and to place the Java Heap above 32GB virtual address.
# This output file may be truncated or incomplete.
#
#  Out of Memory Error (os_windows.cpp:3753), pid=14780, tid=3988
#
# JRE version:  (17.0.4+7) (build )
# Java VM: OpenJDK 64-Bit Server VM (17.0.4+7-b469.53, mixed mode, sharing, tiered, compressed oops, compressed class ptrs, g1 gc, windows-amd64)
# No core dump will be written. Minidumps are not enabled by default on client versions of Windows
#

---------------  S U M M A R Y ------------

Command Line: git4idea.http.GitAskPassApp Username for 'https://github.com': 

Host: 11th Gen Intel(R) Core(TM) i5-11400H @ 2.70GHz, 12 cores, 15G,  Windows 11 , 64 bit Build 22621 (10.0.22621.2428)
Time: Sat Nov  4 11:52:07 2023 RTZ 3 (s 11 , 64 bit Build 22621 (10.0.22621.2428) elapsed time: 0.009596 seconds (0d 0h 0m 0s)

---------------  T H R E A D  ---------------

Current thread (0x000002656984f530):  JavaThread "Unknown thread" [_thread_in_vm, id=3988, stack(0x000000f40cd00000,0x000000f40ce00000)]

Stack: [0x000000f40cd00000,0x000000f40ce00000]
Native frames: (J=compiled Java code, j=interpreted, Vv=VM code, C=native code)
V  [jvm.dll+0x68348a]
V  [jvm.dll+0x83faf4]
V  [jvm.dll+0x84129e]
V  [jvm.dll+0x841903]
V  [jvm.dll+0x2494a5]
V  [jvm.dll+0x680359]
V  [jvm.dll+0x67499a]
V  [jvm.dll+0x3092db]
V  [jvm.dll+0x310796]
V  [jvm.dll+0x36077e]
V  [jvm.dll+0x3609af]
V  [jvm.dll+0x2df3c8]
V  [jvm.dll+0x2e0334]
V  [jvm.dll+0x8112e1]
V  [jvm.dll+0x36e5d1]
V  [jvm.dll+0x7f06bc]
V  [jvm.dll+0x3f16ef]
V  [jvm.dll+0x3f3231]
C  [jli.dll+0x526b]
C  [ucrtbase.dll+0x29363]
C  [KERNEL32.DLL+0x1257d]
C  [ntdll.dll+0x5aa78]


---------------  P R O C E S S  ---------------

Threads class SMR info:
_java_thread_list=0x00007ffb47a67f18, length=0, elements={
}

Java Threads: ( => current thread )

Other Threads:
  0x00000265698b8aa0 GCTaskThread "GC Thread#0" [stack: 0x000000f40ce00000,0x000000f40cf00000] [id=2628]
  0x00000265698c95e0 ConcurrentGCThread "G1 Main Marker" [stack: 0x000000f40cf00000,0x000000f40d000000] [id=6928]
  0x00000265698c9ff0 ConcurrentGCThread "G1 Conc#0" [stack: 0x000000f40d000000,0x000000f40d100000] [id=9608]

[error occurred during error reporting (printing all threads), id 0xc0000005, EXCEPTION_ACCESS_VIOLATION (0xc0000005) at pc=0x00007ffb4721ff87]

VM state: not at safepoint (not fully initialized)

VM Mutex/Monitor currently owned by a thread:  ([mutex/lock_event])
[0x000002656984a560] Heap_lock - owner thread: 0x000002656984f530

Heap address: 0x0000000704000000, size: 4032 MB, Compressed Oops mode: Zero based, Oop shift amount: 3

CDS archive(s) mapped at: [0x0000000000000000-0x0000000000000000-0x0000000000000000), size 0, SharedBaseAddress: 0x0000000800000000, ArchiveRelocationMode: 0.
Narrow klass base: 0x0000000000000000, Narrow klass shift: 0, Narrow klass range: 0x0

GC Precious Log:
<Empty>

Heap:
 garbage-first heap   total 0K, used 0K [0x0000000704000000, 0x0000000800000000)
  region size 2048K, 0 young (0K), 0 survivors (0K)

[error occurred during error reporting (printing heap information), id 0xc0000005, EXCEPTION_ACCESS_VIOLATION (0xc0000005) at pc=0x00007ffb4760d119]

GC Heap History (0 events):
No events

Deoptimization events (0 events):
No events

Classes unloaded (0 events):
No events

Classes redefined (0 events):
No events

Internal exceptions (0 events):
No events

VM Operations (0 events):
No events

Events (1 events):
Event: 0.006 Loaded shared library E:\Программы\IntelliJ IDEA 2022.2.2\jbr\bin\java.dll


Dynamic libraries:
0x00007ff7f1800000 - 0x00007ff7f180a000 	E:\Программы\IntelliJ IDEA 2022.2.2\jbr\bin\java.exe
0x00007ffbaead0000 - 0x00007ffbaece7000 	C:\Windows\SYSTEM32\ntdll.dll
0x00007ffbad960000 - 0x00007ffbada24000 	C:\Windows\System32\KERNEL32.DLL
0x00007ffbabe50000 - 0x00007ffbac1f6000 	C:\Windows\System32\KERNELBASE.dll
0x00007ffbac460000 - 0x00007ffbac571000 	C:\Windows\System32\ucrtbase.dll
0x00007ffb9f760000 - 0x00007ffb9f777000 	E:\Программы\IntelliJ IDEA 2022.2.2\jbr\bin\jli.dll
0x00007ffba6950000 - 0x00007ffba696b000 	E:\Программы\IntelliJ IDEA 2022.2.2\jbr\bin\VCRUNTIME140.dll
0x00007ffbadd50000 - 0x00007ffbadefd000 	C:\Windows\System32\USER32.dll
0x00007ffbac430000 - 0x00007ffbac456000 	C:\Windows\System32\win32u.dll
0x00007ffbadab0000 - 0x00007ffbadad9000 	C:\Windows\System32\GDI32.dll
0x00007ffbac310000 - 0x00007ffbac428000 	C:\Windows\System32\gdi32full.dll
0x00007ffb96a40000 - 0x00007ffb96cd3000 	C:\Windows\WinSxS\amd64_microsoft.windows.common-controls_6595b64144ccf1df_6.0.22621.2361_none_2712ced57382f843\COMCTL32.dll
0x00007ffbac270000 - 0x00007ffbac30a000 	C:\Windows\System32\msvcp_win.dll
0x00007ffbadbf0000 - 0x00007ffbadc97000 	C:\Windows\System32\msvcrt.dll
0x00007ffbac930000 - 0x00007ffbac961000 	C:\Windows\System32\IMM32.DLL
0x00007ffba8360000 - 0x00007ffba836c000 	E:\Программы\IntelliJ IDEA 2022.2.2\jbr\bin\vcruntime140_1.dll
0x00007ffba1f50000 - 0x00007ffba1fdd000 	E:\Программы\IntelliJ IDEA 2022.2.2\jbr\bin\msvcp140.dll
0x00007ffb46f30000 - 0x00007ffb47b99000 	E:\Программы\IntelliJ IDEA 2022.2.2\jbr\bin\server\jvm.dll
0x00007ffbadb40000 - 0x00007ffbadbf0000 	C:\Windows\System32\ADVAPI32.dll
0x00007ffbadca0000 - 0x00007ffbadd46000 	C:\Windows\System32\sechost.dll
0x00007ffbaca80000 - 0x00007ffbacb97000 	C:\Windows\System32\RPCRT4.dll
0x00007ffbadaa0000 - 0x00007ffbadaa8000 	C:\Windows\System32\PSAPI.DLL
0x00007ffba8d50000 - 0x00007ffba8d59000 	C:\Windows\SYSTEM32\WSOCK32.dll
0x00007ffba1e80000 - 0x00007ffba1eb4000 	C:\Windows\SYSTEM32\WINMM.dll
0x00007ffba5250000 - 0x00007ffba525a000 	C:\Windows\SYSTEM32\VERSION.dll
0x00007ffbae970000 - 0x00007ffbae9e1000 	C:\Windows\System32\WS2_32.dll
0x00007ffbaaee0000 - 0x00007ffbaaef8000 	C:\Windows\SYSTEM32\kernel.appcore.dll
0x00007ffba5d50000 - 0x00007ffba5d5a000 	E:\Программы\IntelliJ IDEA 2022.2.2\jbr\bin\jimage.dll
0x00007ffba94d0000 - 0x00007ffba96fe000 	C:\Windows\SYSTEM32\DBGHELP.DLL
0x00007ffbacec0000 - 0x00007ffbad24a000 	C:\Windows\System32\combase.dll
0x00007ffbac980000 - 0x00007ffbaca57000 	C:\Windows\System32\OLEAUT32.dll
0x00007ffb99b50000 - 0x00007ffb99b82000 	C:\Windows\SYSTEM32\dbgcore.DLL
0x00007ffbac7b0000 - 0x00007ffbac82a000 	C:\Windows\System32\bcryptPrimitives.dll
0x00007ffb9ce70000 - 0x00007ffb9ce95000 	E:\Программы\IntelliJ IDEA 2022.2.2\jbr\bin\java.dll

dbghelp: loaded successfully - version: 4.0.5 - missing functions: none
symbol engine: initialized successfully - sym options: 0x614 - pdb path: .;E:\Программы\IntelliJ IDEA 2022.2.2\jbr\bin;C:\Windows\SYSTEM32;C:\Windows\WinSxS\amd64_microsoft.windows.common-controls_6595b64144ccf1df_6.0.22621.2361_none_2712ced57382f843;E:\Программы\IntelliJ IDEA 2022.2.2\jbr\bin\server

VM Arguments:
java_command: git4idea.http.GitAskPassApp Username for 'https://github.com': 
java_class_path (initial): E:/Программы/IntelliJ IDEA 2022.2.2/plugins/git4idea/lib/git4idea-rt.jar;E:/Программы/IntelliJ IDEA 2022.2.2/lib/externalProcess-rt.jar;E:/Программы/IntelliJ IDEA 2022.2.2/lib/app.jar;E:/Программы/IntelliJ IDEA 2022.2.2/lib/3rd-party-rt.jar
Launcher Type: SUN_STANDARD

[Global flags]
     intx CICompilerCount                          = 4                                         {product} {ergonomic}
     uint ConcGCThreads                            = 3                                         {product} {ergonomic}
     uint G1ConcRefinementThreads                  = 10                                        {product} {ergonomic}
   size_t G1HeapRegionSize                         = 2097152                                   {product} {ergonomic}
    uintx GCDrainStackTargetSize                   = 64                                        {product} {ergonomic}
   size_t InitialHeapSize                          = 264241152                                 {product} {ergonomic}
   size_t MarkStackSize                            = 4194304                                   {product} {ergonomic}
   size_t MaxHeapSize                              = 4227858432                                {product} {ergonomic}
   size_t MinHeapDeltaBytes                        = 2097152                                   {product} {ergonomic}
   size_t MinHeapSize                              = 8388608                                   {product} {ergonomic}
    uintx NonNMethodCodeHeapSize                   = 5839372                                {pd product} {ergonomic}
    uintx NonProfiledCodeHeapSize                  = 122909434                              {pd product} {ergonomic}
    uintx ProfiledCodeHeapSize                     = 122909434                              {pd product} {ergonomic}
    uintx ReservedCodeCacheSize                    = 251658240                              {pd product} {ergonomic}
     bool SegmentedCodeCache                       = true                                      {product} {ergonomic}
   size_t SoftMaxHeapSize                          = 4227858432                             {manageable} {ergonomic}
     bool UseCompressedClassPointers               = true                           {product lp64_product} {ergonomic}
     bool UseCompressedOops                        = true                           {product lp64_product} {ergonomic}
     bool UseG1GC                                  = true                                      {product} {ergonomic}
     bool UseLargePagesIndividualAllocation        = false                                  {pd product} {ergonomic}

Logging:
Log output configuration:
 #0: stdout all=warning uptime,level,tags
 #1: stderr all=off uptime,level,tags

Environment Variables:
PATH=C:\Program Files\Git\mingw64\libexec\git-core;C:\Program Files\Git\mingw64\libexec\git-core;C:\Program Files\Git\mingw64\bin;C:\Program Files\Git\usr\bin;C:\Users\Andrei\bin;C:\Program Files\Common Files\Oracle\Java\javapath;C:\Windows\system32;C:\Windows;C:\Windows\System32\Wbem;C:\Windows\System32\WindowsPowerShell\v1.0;C:\Windows\System32\OpenSSH;C:\Program Files\NVIDIA Corporation\NVIDIA NvDLISR;C:\Program Files (x86)\NVIDIA Corporation\PhysX\Common;C:\Program Files\Git\cmd;C:\Users\Andrei\AppData\Local\Microsoft\WindowsApps
USERNAME=Andrei
DISPLAY=:0.0
LC_ALL=en_US.UTF-8
TERM=xterm-256color
TMPDIR=C:\Users\Andrei\AppData\Local\Temp
OS=Windows_NT
PROCESSOR_IDENTIFIER=Intel64 Family 6 Model 141 Stepping 1, GenuineIntel
TMP=C:\Users\Andrei\AppData\Local\Temp
TEMP=C:\Users\Andrei\AppData\Local\Temp



---------------  S Y S T E M  ---------------

OS:
 Windows 11 , 64 bit Build 22621 (10.0.22621.2428)
OS uptime: 16 days 12:57 hours

CPU: total 12 (initial active 12) (6 cores per cpu, 2 threads per core) family 6 model 141 stepping 1 microcode 0x32, cx8, cmov, fxsr, ht, mmx, 3dnowpref, sse, sse2, sse3, ssse3, sse4.1, sse4.2, popcnt, lzcnt, tsc, tscinvbit, avx, avx2, aes, erms, clmul, bmi1, bmi2, adx, avx512f, avx512dq, avx512cd, avx512bw, avx512vl, sha, fma, vzeroupper, avx512_vpopcntdq, avx512_vpclmulqdq, avx512_vaes, avx512_vnni, clflush, clflushopt, clwb, avx512_vbmi2, avx512_vbmi

Memory: 4k page, system-wide physical 16125M (2347M free)
TotalPageFile size 46559M (AvailPageFile size 235M)
current process WorkingSet (physical memory assigned to process): 11M, peak: 11M
current process commit charge ("private bytes"): 64M, peak: 316M

vm_info: OpenJDK 64-Bit Server VM (17.0.4+7-b469.53) for windows-amd64 JRE (17.0.4+7-b469.53), built on 2022-08-29 by "builduser" with MS VC++ 16.10 / 16.11 (VS2019)

END.
